2023-04-06 23:28:12,556 INFO o.h.v.i.u.Version [background-preinit] HV000001: Hibernate Validator 8.0.0.Final
2023-04-06 23:28:12,656 INFO o.s.b.StartupInfoLogger [restartedMain] Starting Java13SpringMyApplication using Java 19.0.1 with PID 10888 (C:\Users\Vyacheslav\IdeaProjects\Java13SpringSD\target\classes started by Vyacheslav in C:\Users\Vyacheslav\IdeaProjects\Java13SpringSD)
2023-04-06 23:28:12,667 INFO o.s.b.SpringApplication [restartedMain] No active profile set, falling back to 1 default profile: "default"
2023-04-06 23:28:13,645 INFO o.s.b.l.DeferredLog [restartedMain] The Class-Path manifest attribute in C:\Users\Vyacheslav\.m2\repository\com\sun\xml\bind\jaxb-core\4.0.0\jaxb-core-4.0.0.jar referenced one or more files that do not exist: file:/C:/Users/Vyacheslav/.m2/repository/com/sun/xml/bind/jaxb-core/4.0.0/jakarta.activation-api.jar,file:/C:/Users/Vyacheslav/.m2/repository/com/sun/xml/bind/jaxb-core/4.0.0/jakarta.xml.bind-api.jar
2023-04-06 23:28:13,649 INFO o.s.b.l.DeferredLog [restartedMain] Devtools property defaults active! Set 'spring.devtools.add-properties' to 'false' to disable
2023-04-06 23:28:13,650 INFO o.s.b.l.DeferredLog [restartedMain] For additional web related logging consider setting the 'logging.level.web' property to 'DEBUG'
2023-04-06 23:28:16,542 INFO o.s.d.r.c.RepositoryConfigurationDelegate [restartedMain] Multiple Spring Data modules found, entering strict repository configuration mode
2023-04-06 23:28:16,546 INFO o.s.d.r.c.RepositoryConfigurationDelegate [restartedMain] Bootstrapping Spring Data JDBC repositories in DEFAULT mode.
2023-04-06 23:28:16,640 INFO o.s.d.r.c.RepositoryConfigurationExtensionSupport [restartedMain] Spring Data JDBC - Could not safely identify store assignment for repository candidate interface ru.sber.spring.java13springmy.sdproject.repository.AttachmentsRepository; If you want this repository to be a JDBC repository, consider annotating your entities with one of these annotations: org.springframework.data.relational.core.mapping.Table.
2023-04-06 23:28:16,644 INFO o.s.d.r.c.RepositoryConfigurationExtensionSupport [restartedMain] Spring Data JDBC - Could not safely identify store assignment for repository candidate interface ru.sber.spring.java13springmy.sdproject.repository.CalendarRepository; If you want this repository to be a JDBC repository, consider annotating your entities with one of these annotations: org.springframework.data.relational.core.mapping.Table.
2023-04-06 23:28:16,647 INFO o.s.d.r.c.RepositoryConfigurationExtensionSupport [restartedMain] Spring Data JDBC - Could not safely identify store assignment for repository candidate interface ru.sber.spring.java13springmy.sdproject.repository.CategoryRepository; If you want this repository to be a JDBC repository, consider annotating your entities with one of these annotations: org.springframework.data.relational.core.mapping.Table.
2023-04-06 23:28:16,650 INFO o.s.d.r.c.RepositoryConfigurationExtensionSupport [restartedMain] Spring Data JDBC - Could not safely identify store assignment for repository candidate interface ru.sber.spring.java13springmy.sdproject.repository.GroupRepository; If you want this repository to be a JDBC repository, consider annotating your entities with one of these annotations: org.springframework.data.relational.core.mapping.Table.
2023-04-06 23:28:16,654 INFO o.s.d.r.c.RepositoryConfigurationExtensionSupport [restartedMain] Spring Data JDBC - Could not safely identify store assignment for repository candidate interface ru.sber.spring.java13springmy.sdproject.repository.LocationRepository; If you want this repository to be a JDBC repository, consider annotating your entities with one of these annotations: org.springframework.data.relational.core.mapping.Table.
2023-04-06 23:28:16,658 INFO o.s.d.r.c.RepositoryConfigurationExtensionSupport [restartedMain] Spring Data JDBC - Could not safely identify store assignment for repository candidate interface ru.sber.spring.java13springmy.sdproject.repository.RoleRepository; If you want this repository to be a JDBC repository, consider annotating your entities with one of these annotations: org.springframework.data.relational.core.mapping.Table.
2023-04-06 23:28:16,662 INFO o.s.d.r.c.RepositoryConfigurationExtensionSupport [restartedMain] Spring Data JDBC - Could not safely identify store assignment for repository candidate interface ru.sber.spring.java13springmy.sdproject.repository.SLARepository; If you want this repository to be a JDBC repository, consider annotating your entities with one of these annotations: org.springframework.data.relational.core.mapping.Table.
2023-04-06 23:28:16,667 INFO o.s.d.r.c.RepositoryConfigurationExtensionSupport [restartedMain] Spring Data JDBC - Could not safely identify store assignment for repository candidate interface ru.sber.spring.java13springmy.sdproject.repository.TaskRepository; If you want this repository to be a JDBC repository, consider annotating your entities with one of these annotations: org.springframework.data.relational.core.mapping.Table.
2023-04-06 23:28:16,671 INFO o.s.d.r.c.RepositoryConfigurationExtensionSupport [restartedMain] Spring Data JDBC - Could not safely identify store assignment for repository candidate interface ru.sber.spring.java13springmy.sdproject.repository.TypeTaskRepository; If you want this repository to be a JDBC repository, consider annotating your entities with one of these annotations: org.springframework.data.relational.core.mapping.Table.
2023-04-06 23:28:16,676 INFO o.s.d.r.c.RepositoryConfigurationExtensionSupport [restartedMain] Spring Data JDBC - Could not safely identify store assignment for repository candidate interface ru.sber.spring.java13springmy.sdproject.repository.UserRepository; If you want this repository to be a JDBC repository, consider annotating your entities with one of these annotations: org.springframework.data.relational.core.mapping.Table.
2023-04-06 23:28:16,679 INFO o.s.d.r.c.RepositoryConfigurationExtensionSupport [restartedMain] Spring Data JDBC - Could not safely identify store assignment for repository candidate interface ru.sber.spring.java13springmy.sdproject.repository.WorkScheduleRepository; If you want this repository to be a JDBC repository, consider annotating your entities with one of these annotations: org.springframework.data.relational.core.mapping.Table.
2023-04-06 23:28:16,681 INFO o.s.d.r.c.RepositoryConfigurationDelegate [restartedMain] Finished Spring Data repository scanning in 124 ms. Found 0 JDBC repository interfaces.
2023-04-06 23:28:16,703 INFO o.s.d.r.c.RepositoryConfigurationDelegate [restartedMain] Multiple Spring Data modules found, entering strict repository configuration mode
2023-04-06 23:28:16,705 INFO o.s.d.r.c.RepositoryConfigurationDelegate [restartedMain] Bootstrapping Spring Data JPA repositories in DEFAULT mode.
2023-04-06 23:28:16,845 INFO o.s.d.r.c.RepositoryConfigurationDelegate [restartedMain] Finished Spring Data repository scanning in 132 ms. Found 11 JPA repository interfaces.
2023-04-06 23:28:18,159 INFO o.s.b.w.e.t.TomcatWebServer [restartedMain] Tomcat initialized with port(s): 9090 (http)
2023-04-06 23:28:18,182 INFO o.a.j.l.DirectJDKLog [restartedMain] Initializing ProtocolHandler ["http-nio-9090"]
2023-04-06 23:28:18,183 INFO o.a.j.l.DirectJDKLog [restartedMain] Starting service [Tomcat]
2023-04-06 23:28:18,184 INFO o.a.j.l.DirectJDKLog [restartedMain] Starting Servlet engine: [Apache Tomcat/10.1.4]
2023-04-06 23:28:18,344 INFO o.a.j.l.DirectJDKLog [restartedMain] Initializing Spring embedded WebApplicationContext
2023-04-06 23:28:18,345 INFO o.s.b.w.s.c.ServletWebServerApplicationContext [restartedMain] Root WebApplicationContext: initialization completed in 4689 ms
2023-04-06 23:28:18,945 INFO o.h.j.i.u.LogHelper [restartedMain] HHH000204: Processing PersistenceUnitInfo [name: default]
2023-04-06 23:28:19,060 INFO o.h.Version [restartedMain] HHH000412: Hibernate ORM core version 6.1.6.Final
2023-04-06 23:28:19,546 INFO c.z.h.HikariDataSource [restartedMain] HikariPool-1 - Starting...
2023-04-06 23:28:19,887 INFO c.z.h.p.HikariPool [restartedMain] HikariPool-1 - Added connection org.postgresql.jdbc.PgConnection@46bd76b9
2023-04-06 23:28:19,892 INFO c.z.h.HikariDataSource [restartedMain] HikariPool-1 - Start completed.
2023-04-06 23:28:20,026 INFO o.h.e.j.d.i.DialectFactoryImpl [restartedMain] HHH000400: Using dialect: org.hibernate.dialect.PostgreSQLDialect
2023-04-06 23:28:20,483 WARN o.h.b.i.InFlightMetadataCollectorImpl [restartedMain] HHH000069: Duplicate generator name default_gen
2023-04-06 23:28:20,537 WARN o.h.b.i.InFlightMetadataCollectorImpl [restartedMain] HHH000069: Duplicate generator name default_gen
2023-04-06 23:28:20,549 WARN o.h.b.i.InFlightMetadataCollectorImpl [restartedMain] HHH000069: Duplicate generator name default_gen
2023-04-06 23:28:20,569 WARN o.h.b.i.InFlightMetadataCollectorImpl [restartedMain] HHH000069: Duplicate generator name default_gen
2023-04-06 23:28:20,578 WARN o.h.b.i.InFlightMetadataCollectorImpl [restartedMain] HHH000069: Duplicate generator name default_gen
2023-04-06 23:28:20,603 WARN o.h.b.i.InFlightMetadataCollectorImpl [restartedMain] HHH000069: Duplicate generator name default_gen
2023-04-06 23:28:20,608 WARN o.h.b.i.InFlightMetadataCollectorImpl [restartedMain] HHH000069: Duplicate generator name default_gen
2023-04-06 23:28:20,620 WARN o.h.b.i.InFlightMetadataCollectorImpl [restartedMain] HHH000069: Duplicate generator name default_gen
2023-04-06 23:28:22,951 INFO o.h.e.t.j.p.i.JtaPlatformInitiator [restartedMain] HHH000490: Using JtaPlatform implementation: [org.hibernate.engine.transaction.jta.platform.internal.NoJtaPlatform]
2023-04-06 23:28:22,973 INFO o.s.o.j.AbstractEntityManagerFactoryBean [restartedMain] Initialized JPA EntityManagerFactory for persistence unit 'default'
2023-04-06 23:28:27,446 WARN o.s.b.a.o.j.JpaBaseConfiguration$JpaWebConfiguration [restartedMain] spring.jpa.open-in-view is enabled by default. Therefore, database queries may be performed during view rendering. Explicitly configure spring.jpa.open-in-view to disable this warning
2023-04-06 23:28:27,632 INFO o.s.b.a.w.s.WelcomePageHandlerMapping [restartedMain] Adding welcome page template: index
2023-04-06 23:28:29,631 INFO o.s.s.w.DefaultSecurityFilterChain [restartedMain] Will secure any request with [org.springframework.security.web.session.DisableEncodeUrlFilter@210f5e2b, org.springframework.security.web.context.request.async.WebAsyncManagerIntegrationFilter@30a81a8b, org.springframework.security.web.context.SecurityContextHolderFilter@5ff95216, org.springframework.security.web.header.HeaderWriterFilter@6a0a4837, org.springframework.security.web.csrf.CsrfFilter@7774d19e, org.springframework.security.web.authentication.logout.LogoutFilter@96ab027, org.springframework.security.web.authentication.UsernamePasswordAuthenticationFilter@42d328e0, org.springframework.security.web.savedrequest.RequestCacheAwareFilter@28e992b1, org.springframework.security.web.servletapi.SecurityContextHolderAwareRequestFilter@5e3612e6, org.springframework.security.web.authentication.AnonymousAuthenticationFilter@6be7a056, org.springframework.security.web.access.ExceptionTranslationFilter@1bee8271, org.springframework.security.web.access.intercept.AuthorizationFilter@1bc15ee7]
2023-04-06 23:28:30,837 INFO o.s.b.d.a.OptionalLiveReloadServer [restartedMain] LiveReload server is running on port 35729
2023-04-06 23:28:30,896 INFO o.a.j.l.DirectJDKLog [restartedMain] Starting ProtocolHandler ["http-nio-9090"]
2023-04-06 23:28:30,979 INFO o.s.b.w.e.t.TomcatWebServer [restartedMain] Tomcat started on port(s): 9090 (http) with context path ''
2023-04-06 23:28:31,003 INFO o.s.b.StartupInfoLogger [restartedMain] Started Java13SpringMyApplication in 19.232 seconds (process running for 22.305)
2023-04-06 23:28:33,962 INFO o.a.j.l.DirectJDKLog [http-nio-9090-exec-2] Initializing Spring DispatcherServlet 'dispatcherServlet'
2023-04-06 23:28:33,963 INFO o.s.w.s.FrameworkServlet [http-nio-9090-exec-2] Initializing Servlet 'dispatcherServlet'
2023-04-06 23:28:33,966 INFO o.s.w.s.FrameworkServlet [http-nio-9090-exec-2] Completed initialization in 3 ms
2023-04-06 23:28:39,086 ERROR r.s.s.j.s.M.c.MVCErrorController [http-nio-9090-exec-1] Случилась беда! Ошибка 404
2023-04-06 23:28:39,086 ERROR r.s.s.j.s.M.c.MVCErrorController [http-nio-9090-exec-7] Случилась беда! Ошибка 404
2023-04-06 23:28:44,032 ERROR r.s.s.j.s.M.c.MVCErrorController [http-nio-9090-exec-5] Случилась беда! Ошибка 404
2023-04-06 23:28:44,045 ERROR r.s.s.j.s.M.c.MVCErrorController [http-nio-9090-exec-3] Случилась беда! Ошибка 404
2023-04-06 23:28:44,182 ERROR r.s.s.j.s.M.c.MVCErrorController [http-nio-9090-exec-9] Случилась беда! Ошибка 404
2023-04-06 23:29:35,796 INFO o.s.b.d.a.LocalDevToolsAutoConfiguration$RestartingClassPathChangeChangedEventListener [File Watcher] Restarting due to 1 class path change (0 additions, 1 deletion, 0 modifications)
2023-04-06 23:29:35,884 INFO o.a.j.l.DirectJDKLog [Thread-5] Pausing ProtocolHandler ["http-nio-9090"]
2023-04-06 23:29:35,885 INFO o.a.j.l.DirectJDKLog [Thread-5] Stopping service [Tomcat]
2023-04-06 23:29:35,897 INFO o.a.j.l.DirectJDKLog [Thread-5] Destroying Spring FrameworkServlet 'dispatcherServlet'
2023-04-06 23:29:35,944 INFO o.a.j.l.DirectJDKLog [Thread-5] Stopping ProtocolHandler ["http-nio-9090"]
2023-04-06 23:29:35,951 INFO o.a.j.l.DirectJDKLog [Thread-5] Destroying ProtocolHandler ["http-nio-9090"]
2023-04-06 23:29:35,972 INFO o.s.o.j.AbstractEntityManagerFactoryBean [Thread-5] Closing JPA EntityManagerFactory for persistence unit 'default'
2023-04-06 23:29:36,010 INFO c.z.h.HikariDataSource [Thread-5] HikariPool-1 - Shutdown initiated...
2023-04-06 23:29:36,070 INFO c.z.h.HikariDataSource [Thread-5] HikariPool-1 - Shutdown completed.
2023-04-06 23:29:36,638 INFO o.s.b.StartupInfoLogger [restartedMain] Starting Java13SpringMyApplication using Java 19.0.1 with PID 10888 (C:\Users\Vyacheslav\IdeaProjects\Java13SpringSD\target\classes started by Vyacheslav in C:\Users\Vyacheslav\IdeaProjects\Java13SpringSD)
2023-04-06 23:29:36,640 INFO o.s.b.SpringApplication [restartedMain] No active profile set, falling back to 1 default profile: "default"
2023-04-06 23:29:37,838 INFO o.s.d.r.c.RepositoryConfigurationDelegate [restartedMain] Multiple Spring Data modules found, entering strict repository configuration mode
2023-04-06 23:29:37,839 INFO o.s.d.r.c.RepositoryConfigurationDelegate [restartedMain] Bootstrapping Spring Data JDBC repositories in DEFAULT mode.
2023-04-06 23:29:37,865 INFO o.s.d.r.c.RepositoryConfigurationExtensionSupport [restartedMain] Spring Data JDBC - Could not safely identify store assignment for repository candidate interface ru.sber.spring.java13springmy.sdproject.repository.AttachmentsRepository; If you want this repository to be a JDBC repository, consider annotating your entities with one of these annotations: org.springframework.data.relational.core.mapping.Table.
2023-04-06 23:29:37,867 INFO o.s.d.r.c.RepositoryConfigurationExtensionSupport [restartedMain] Spring Data JDBC - Could not safely identify store assignment for repository candidate interface ru.sber.spring.java13springmy.sdproject.repository.CalendarRepository; If you want this repository to be a JDBC repository, consider annotating your entities with one of these annotations: org.springframework.data.relational.core.mapping.Table.
2023-04-06 23:29:37,870 INFO o.s.d.r.c.RepositoryConfigurationExtensionSupport [restartedMain] Spring Data JDBC - Could not safely identify store assignment for repository candidate interface ru.sber.spring.java13springmy.sdproject.repository.CategoryRepository; If you want this repository to be a JDBC repository, consider annotating your entities with one of these annotations: org.springframework.data.relational.core.mapping.Table.
2023-04-06 23:29:37,873 INFO o.s.d.r.c.RepositoryConfigurationExtensionSupport [restartedMain] Spring Data JDBC - Could not safely identify store assignment for repository candidate interface ru.sber.spring.java13springmy.sdproject.repository.GroupRepository; If you want this repository to be a JDBC repository, consider annotating your entities with one of these annotations: org.springframework.data.relational.core.mapping.Table.
2023-04-06 23:29:37,876 INFO o.s.d.r.c.RepositoryConfigurationExtensionSupport [restartedMain] Spring Data JDBC - Could not safely identify store assignment for repository candidate interface ru.sber.spring.java13springmy.sdproject.repository.LocationRepository; If you want this repository to be a JDBC repository, consider annotating your entities with one of these annotations: org.springframework.data.relational.core.mapping.Table.
2023-04-06 23:29:37,879 INFO o.s.d.r.c.RepositoryConfigurationExtensionSupport [restartedMain] Spring Data JDBC - Could not safely identify store assignment for repository candidate interface ru.sber.spring.java13springmy.sdproject.repository.RoleRepository; If you want this repository to be a JDBC repository, consider annotating your entities with one of these annotations: org.springframework.data.relational.core.mapping.Table.
2023-04-06 23:29:37,882 INFO o.s.d.r.c.RepositoryConfigurationExtensionSupport [restartedMain] Spring Data JDBC - Could not safely identify store assignment for repository candidate interface ru.sber.spring.java13springmy.sdproject.repository.SLARepository; If you want this repository to be a JDBC repository, consider annotating your entities with one of these annotations: org.springframework.data.relational.core.mapping.Table.
2023-04-06 23:29:37,885 INFO o.s.d.r.c.RepositoryConfigurationExtensionSupport [restartedMain] Spring Data JDBC - Could not safely identify store assignment for repository candidate interface ru.sber.spring.java13springmy.sdproject.repository.TaskRepository; If you want this repository to be a JDBC repository, consider annotating your entities with one of these annotations: org.springframework.data.relational.core.mapping.Table.
2023-04-06 23:29:37,888 INFO o.s.d.r.c.RepositoryConfigurationExtensionSupport [restartedMain] Spring Data JDBC - Could not safely identify store assignment for repository candidate interface ru.sber.spring.java13springmy.sdproject.repository.TypeTaskRepository; If you want this repository to be a JDBC repository, consider annotating your entities with one of these annotations: org.springframework.data.relational.core.mapping.Table.
2023-04-06 23:29:37,891 INFO o.s.d.r.c.RepositoryConfigurationExtensionSupport [restartedMain] Spring Data JDBC - Could not safely identify store assignment for repository candidate interface ru.sber.spring.java13springmy.sdproject.repository.UserRepository; If you want this repository to be a JDBC repository, consider annotating your entities with one of these annotations: org.springframework.data.relational.core.mapping.Table.
2023-04-06 23:29:37,897 INFO o.s.d.r.c.RepositoryConfigurationExtensionSupport [restartedMain] Spring Data JDBC - Could not safely identify store assignment for repository candidate interface ru.sber.spring.java13springmy.sdproject.repository.WorkScheduleRepository; If you want this repository to be a JDBC repository, consider annotating your entities with one of these annotations: org.springframework.data.relational.core.mapping.Table.
2023-04-06 23:29:37,898 INFO o.s.d.r.c.RepositoryConfigurationDelegate [restartedMain] Finished Spring Data repository scanning in 58 ms. Found 0 JDBC repository interfaces.
2023-04-06 23:29:37,907 INFO o.s.d.r.c.RepositoryConfigurationDelegate [restartedMain] Multiple Spring Data modules found, entering strict repository configuration mode
2023-04-06 23:29:37,908 INFO o.s.d.r.c.RepositoryConfigurationDelegate [restartedMain] Bootstrapping Spring Data JPA repositories in DEFAULT mode.
2023-04-06 23:29:37,974 INFO o.s.d.r.c.RepositoryConfigurationDelegate [restartedMain] Finished Spring Data repository scanning in 65 ms. Found 11 JPA repository interfaces.
2023-04-06 23:29:38,359 INFO o.s.b.w.e.t.TomcatWebServer [restartedMain] Tomcat initialized with port(s): 9090 (http)
2023-04-06 23:29:38,360 INFO o.a.j.l.DirectJDKLog [restartedMain] Initializing ProtocolHandler ["http-nio-9090"]
2023-04-06 23:29:38,361 INFO o.a.j.l.DirectJDKLog [restartedMain] Starting service [Tomcat]
2023-04-06 23:29:38,363 INFO o.a.j.l.DirectJDKLog [restartedMain] Starting Servlet engine: [Apache Tomcat/10.1.4]
2023-04-06 23:29:38,459 INFO o.a.j.l.DirectJDKLog [restartedMain] Initializing Spring embedded WebApplicationContext
2023-04-06 23:29:38,460 INFO o.s.b.w.s.c.ServletWebServerApplicationContext [restartedMain] Root WebApplicationContext: initialization completed in 1814 ms
2023-04-06 23:29:38,659 INFO o.h.j.i.u.LogHelper [restartedMain] HHH000204: Processing PersistenceUnitInfo [name: default]
2023-04-06 23:29:38,774 INFO c.z.h.HikariDataSource [restartedMain] HikariPool-2 - Starting...
2023-04-06 23:29:38,902 INFO c.z.h.p.HikariPool [restartedMain] HikariPool-2 - Added connection org.postgresql.jdbc.PgConnection@c3cc6fb
2023-04-06 23:29:38,902 INFO c.z.h.HikariDataSource [restartedMain] HikariPool-2 - Start completed.
2023-04-06 23:29:38,937 INFO o.h.e.j.d.i.DialectFactoryImpl [restartedMain] HHH000400: Using dialect: org.hibernate.dialect.PostgreSQLDialect
2023-04-06 23:29:38,963 WARN o.h.b.i.InFlightMetadataCollectorImpl [restartedMain] HHH000069: Duplicate generator name default_gen
2023-04-06 23:29:38,972 WARN o.h.b.i.InFlightMetadataCollectorImpl [restartedMain] HHH000069: Duplicate generator name default_gen
2023-04-06 23:29:38,978 WARN o.h.b.i.InFlightMetadataCollectorImpl [restartedMain] HHH000069: Duplicate generator name default_gen
2023-04-06 23:29:38,987 WARN o.h.b.i.InFlightMetadataCollectorImpl [restartedMain] HHH000069: Duplicate generator name default_gen
2023-04-06 23:29:38,993 WARN o.h.b.i.InFlightMetadataCollectorImpl [restartedMain] HHH000069: Duplicate generator name default_gen
2023-04-06 23:29:39,003 WARN o.h.b.i.InFlightMetadataCollectorImpl [restartedMain] HHH000069: Duplicate generator name default_gen
2023-04-06 23:29:39,010 WARN o.h.b.i.InFlightMetadataCollectorImpl [restartedMain] HHH000069: Duplicate generator name default_gen
2023-04-06 23:29:39,030 WARN o.h.b.i.InFlightMetadataCollectorImpl [restartedMain] HHH000069: Duplicate generator name default_gen
2023-04-06 23:29:40,112 INFO o.h.e.t.j.p.i.JtaPlatformInitiator [restartedMain] HHH000490: Using JtaPlatform implementation: [org.hibernate.engine.transaction.jta.platform.internal.NoJtaPlatform]
2023-04-06 23:29:40,113 INFO o.s.o.j.AbstractEntityManagerFactoryBean [restartedMain] Initialized JPA EntityManagerFactory for persistence unit 'default'
2023-04-06 23:29:42,589 WARN o.s.b.a.o.j.JpaBaseConfiguration$JpaWebConfiguration [restartedMain] spring.jpa.open-in-view is enabled by default. Therefore, database queries may be performed during view rendering. Explicitly configure spring.jpa.open-in-view to disable this warning
2023-04-06 23:29:42,646 INFO o.s.b.a.w.s.WelcomePageHandlerMapping [restartedMain] Adding welcome page template: index
2023-04-06 23:29:44,542 INFO o.s.s.w.DefaultSecurityFilterChain [restartedMain] Will secure any request with [org.springframework.security.web.session.DisableEncodeUrlFilter@35d2b41, org.springframework.security.web.context.request.async.WebAsyncManagerIntegrationFilter@5b1d9f4f, org.springframework.security.web.context.SecurityContextHolderFilter@b4a3641, org.springframework.security.web.header.HeaderWriterFilter@23aa70a1, org.springframework.security.web.csrf.CsrfFilter@738478b2, org.springframework.security.web.authentication.logout.LogoutFilter@2811c7a7, org.springframework.security.web.authentication.UsernamePasswordAuthenticationFilter@2557fcb3, org.springframework.security.web.savedrequest.RequestCacheAwareFilter@5b5b8e72, org.springframework.security.web.servletapi.SecurityContextHolderAwareRequestFilter@26c580a, org.springframework.security.web.authentication.AnonymousAuthenticationFilter@61bfa35, org.springframework.security.web.access.ExceptionTranslationFilter@64f7a330, org.springframework.security.web.access.intercept.AuthorizationFilter@4ff2552c]
2023-04-06 23:29:44,823 INFO o.s.b.d.a.OptionalLiveReloadServer [restartedMain] LiveReload server is running on port 35729
2023-04-06 23:29:44,863 INFO o.a.j.l.DirectJDKLog [restartedMain] Starting ProtocolHandler ["http-nio-9090"]
2023-04-06 23:29:44,874 INFO o.s.b.w.e.t.TomcatWebServer [restartedMain] Tomcat started on port(s): 9090 (http) with context path ''
2023-04-06 23:29:44,887 INFO o.s.b.StartupInfoLogger [restartedMain] Started Java13SpringMyApplication in 8.439 seconds (process running for 96.189)
2023-04-06 23:29:44,900 INFO o.s.b.d.a.ConditionEvaluationDeltaLoggingListener [restartedMain] Condition evaluation delta:


==========================
CONDITION EVALUATION DELTA
==========================


Positive matches:
-----------------

   ErrorMvcAutoConfiguration#basicErrorController matched:
      - @ConditionalOnMissingBean (types: org.springframework.boot.web.servlet.error.ErrorController; SearchStrategy: current) did not find any beans (OnBeanCondition)


Negative matches:
-----------------

    None


Exclusions:
-----------

    None


Unconditional classes:
----------------------

    None



2023-04-06 23:29:51,285 INFO o.s.b.d.a.LocalDevToolsAutoConfiguration$RestartingClassPathChangeChangedEventListener [File Watcher] Restarting due to 1 class path change (1 addition, 0 deletions, 0 modifications)
2023-04-06 23:29:51,313 INFO o.a.j.l.DirectJDKLog [Thread-7] Pausing ProtocolHandler ["http-nio-9090"]
2023-04-06 23:29:51,314 INFO o.a.j.l.DirectJDKLog [Thread-7] Stopping service [Tomcat]
2023-04-06 23:29:51,332 INFO o.a.j.l.DirectJDKLog [Thread-7] Stopping ProtocolHandler ["http-nio-9090"]
2023-04-06 23:29:51,335 INFO o.a.j.l.DirectJDKLog [Thread-7] Destroying ProtocolHandler ["http-nio-9090"]
2023-04-06 23:29:51,346 INFO o.s.o.j.AbstractEntityManagerFactoryBean [Thread-7] Closing JPA EntityManagerFactory for persistence unit 'default'
2023-04-06 23:29:51,349 INFO c.z.h.HikariDataSource [Thread-7] HikariPool-2 - Shutdown initiated...
2023-04-06 23:29:51,373 INFO c.z.h.HikariDataSource [Thread-7] HikariPool-2 - Shutdown completed.
2023-04-06 23:29:51,879 INFO o.s.b.StartupInfoLogger [restartedMain] Starting Java13SpringMyApplication using Java 19.0.1 with PID 10888 (C:\Users\Vyacheslav\IdeaProjects\Java13SpringSD\target\classes started by Vyacheslav in C:\Users\Vyacheslav\IdeaProjects\Java13SpringSD)
2023-04-06 23:29:51,881 INFO o.s.b.SpringApplication [restartedMain] No active profile set, falling back to 1 default profile: "default"
2023-04-06 23:29:53,127 INFO o.s.d.r.c.RepositoryConfigurationDelegate [restartedMain] Multiple Spring Data modules found, entering strict repository configuration mode
2023-04-06 23:29:53,128 INFO o.s.d.r.c.RepositoryConfigurationDelegate [restartedMain] Bootstrapping Spring Data JDBC repositories in DEFAULT mode.
2023-04-06 23:29:53,164 INFO o.s.d.r.c.RepositoryConfigurationExtensionSupport [restartedMain] Spring Data JDBC - Could not safely identify store assignment for repository candidate interface ru.sber.spring.java13springmy.sdproject.repository.AttachmentsRepository; If you want this repository to be a JDBC repository, consider annotating your entities with one of these annotations: org.springframework.data.relational.core.mapping.Table.
2023-04-06 23:29:53,167 INFO o.s.d.r.c.RepositoryConfigurationExtensionSupport [restartedMain] Spring Data JDBC - Could not safely identify store assignment for repository candidate interface ru.sber.spring.java13springmy.sdproject.repository.CalendarRepository; If you want this repository to be a JDBC repository, consider annotating your entities with one of these annotations: org.springframework.data.relational.core.mapping.Table.
2023-04-06 23:29:53,170 INFO o.s.d.r.c.RepositoryConfigurationExtensionSupport [restartedMain] Spring Data JDBC - Could not safely identify store assignment for repository candidate interface ru.sber.spring.java13springmy.sdproject.repository.CategoryRepository; If you want this repository to be a JDBC repository, consider annotating your entities with one of these annotations: org.springframework.data.relational.core.mapping.Table.
2023-04-06 23:29:53,172 INFO o.s.d.r.c.RepositoryConfigurationExtensionSupport [restartedMain] Spring Data JDBC - Could not safely identify store assignment for repository candidate interface ru.sber.spring.java13springmy.sdproject.repository.GroupRepository; If you want this repository to be a JDBC repository, consider annotating your entities with one of these annotations: org.springframework.data.relational.core.mapping.Table.
2023-04-06 23:29:53,176 INFO o.s.d.r.c.RepositoryConfigurationExtensionSupport [restartedMain] Spring Data JDBC - Could not safely identify store assignment for repository candidate interface ru.sber.spring.java13springmy.sdproject.repository.LocationRepository; If you want this repository to be a JDBC repository, consider annotating your entities with one of these annotations: org.springframework.data.relational.core.mapping.Table.
2023-04-06 23:29:53,178 INFO o.s.d.r.c.RepositoryConfigurationExtensionSupport [restartedMain] Spring Data JDBC - Could not safely identify store assignment for repository candidate interface ru.sber.spring.java13springmy.sdproject.repository.RoleRepository; If you want this repository to be a JDBC repository, consider annotating your entities with one of these annotations: org.springframework.data.relational.core.mapping.Table.
2023-04-06 23:29:53,181 INFO o.s.d.r.c.RepositoryConfigurationExtensionSupport [restartedMain] Spring Data JDBC - Could not safely identify store assignment for repository candidate interface ru.sber.spring.java13springmy.sdproject.repository.SLARepository; If you want this repository to be a JDBC repository, consider annotating your entities with one of these annotations: org.springframework.data.relational.core.mapping.Table.
2023-04-06 23:29:53,184 INFO o.s.d.r.c.RepositoryConfigurationExtensionSupport [restartedMain] Spring Data JDBC - Could not safely identify store assignment for repository candidate interface ru.sber.spring.java13springmy.sdproject.repository.TaskRepository; If you want this repository to be a JDBC repository, consider annotating your entities with one of these annotations: org.springframework.data.relational.core.mapping.Table.
2023-04-06 23:29:53,186 INFO o.s.d.r.c.RepositoryConfigurationExtensionSupport [restartedMain] Spring Data JDBC - Could not safely identify store assignment for repository candidate interface ru.sber.spring.java13springmy.sdproject.repository.TypeTaskRepository; If you want this repository to be a JDBC repository, consider annotating your entities with one of these annotations: org.springframework.data.relational.core.mapping.Table.
2023-04-06 23:29:53,190 INFO o.s.d.r.c.RepositoryConfigurationExtensionSupport [restartedMain] Spring Data JDBC - Could not safely identify store assignment for repository candidate interface ru.sber.spring.java13springmy.sdproject.repository.UserRepository; If you want this repository to be a JDBC repository, consider annotating your entities with one of these annotations: org.springframework.data.relational.core.mapping.Table.
2023-04-06 23:29:53,192 INFO o.s.d.r.c.RepositoryConfigurationExtensionSupport [restartedMain] Spring Data JDBC - Could not safely identify store assignment for repository candidate interface ru.sber.spring.java13springmy.sdproject.repository.WorkScheduleRepository; If you want this repository to be a JDBC repository, consider annotating your entities with one of these annotations: org.springframework.data.relational.core.mapping.Table.
2023-04-06 23:29:53,193 INFO o.s.d.r.c.RepositoryConfigurationDelegate [restartedMain] Finished Spring Data repository scanning in 64 ms. Found 0 JDBC repository interfaces.
2023-04-06 23:29:53,203 INFO o.s.d.r.c.RepositoryConfigurationDelegate [restartedMain] Multiple Spring Data modules found, entering strict repository configuration mode
2023-04-06 23:29:53,204 INFO o.s.d.r.c.RepositoryConfigurationDelegate [restartedMain] Bootstrapping Spring Data JPA repositories in DEFAULT mode.
2023-04-06 23:29:53,319 INFO o.s.d.r.c.RepositoryConfigurationDelegate [restartedMain] Finished Spring Data repository scanning in 114 ms. Found 11 JPA repository interfaces.
2023-04-06 23:29:53,915 INFO o.s.b.w.e.t.TomcatWebServer [restartedMain] Tomcat initialized with port(s): 9090 (http)
2023-04-06 23:29:53,916 INFO o.a.j.l.DirectJDKLog [restartedMain] Initializing ProtocolHandler ["http-nio-9090"]
2023-04-06 23:29:53,918 INFO o.a.j.l.DirectJDKLog [restartedMain] Starting service [Tomcat]
2023-04-06 23:29:53,918 INFO o.a.j.l.DirectJDKLog [restartedMain] Starting Servlet engine: [Apache Tomcat/10.1.4]
2023-04-06 23:29:54,032 INFO o.a.j.l.DirectJDKLog [restartedMain] Initializing Spring embedded WebApplicationContext
2023-04-06 23:29:54,032 INFO o.s.b.w.s.c.ServletWebServerApplicationContext [restartedMain] Root WebApplicationContext: initialization completed in 2146 ms
2023-04-06 23:29:54,163 INFO o.h.j.i.u.LogHelper [restartedMain] HHH000204: Processing PersistenceUnitInfo [name: default]
2023-04-06 23:29:54,189 INFO c.z.h.HikariDataSource [restartedMain] HikariPool-3 - Starting...
2023-04-06 23:29:54,249 INFO c.z.h.p.HikariPool [restartedMain] HikariPool-3 - Added connection org.postgresql.jdbc.PgConnection@4dc501ba
2023-04-06 23:29:54,249 INFO c.z.h.HikariDataSource [restartedMain] HikariPool-3 - Start completed.
2023-04-06 23:29:54,263 INFO o.h.e.j.d.i.DialectFactoryImpl [restartedMain] HHH000400: Using dialect: org.hibernate.dialect.PostgreSQLDialect
2023-04-06 23:29:54,287 WARN o.h.b.i.InFlightMetadataCollectorImpl [restartedMain] HHH000069: Duplicate generator name default_gen
2023-04-06 23:29:54,293 WARN o.h.b.i.InFlightMetadataCollectorImpl [restartedMain] HHH000069: Duplicate generator name default_gen
2023-04-06 23:29:54,300 WARN o.h.b.i.InFlightMetadataCollectorImpl [restartedMain] HHH000069: Duplicate generator name default_gen
2023-04-06 23:29:54,308 WARN o.h.b.i.InFlightMetadataCollectorImpl [restartedMain] HHH000069: Duplicate generator name default_gen
2023-04-06 23:29:54,313 WARN o.h.b.i.InFlightMetadataCollectorImpl [restartedMain] HHH000069: Duplicate generator name default_gen
2023-04-06 23:29:54,325 WARN o.h.b.i.InFlightMetadataCollectorImpl [restartedMain] HHH000069: Duplicate generator name default_gen
2023-04-06 23:29:54,330 WARN o.h.b.i.InFlightMetadataCollectorImpl [restartedMain] HHH000069: Duplicate generator name default_gen
2023-04-06 23:29:54,340 WARN o.h.b.i.InFlightMetadataCollectorImpl [restartedMain] HHH000069: Duplicate generator name default_gen
2023-04-06 23:29:55,553 INFO o.h.e.t.j.p.i.JtaPlatformInitiator [restartedMain] HHH000490: Using JtaPlatform implementation: [org.hibernate.engine.transaction.jta.platform.internal.NoJtaPlatform]
2023-04-06 23:29:55,554 INFO o.s.o.j.AbstractEntityManagerFactoryBean [restartedMain] Initialized JPA EntityManagerFactory for persistence unit 'default'
2023-04-06 23:29:58,099 WARN o.s.b.a.o.j.JpaBaseConfiguration$JpaWebConfiguration [restartedMain] spring.jpa.open-in-view is enabled by default. Therefore, database queries may be performed during view rendering. Explicitly configure spring.jpa.open-in-view to disable this warning
2023-04-06 23:29:58,159 INFO o.s.b.a.w.s.WelcomePageHandlerMapping [restartedMain] Adding welcome page template: index
2023-04-06 23:29:59,893 INFO o.s.s.w.DefaultSecurityFilterChain [restartedMain] Will secure any request with [org.springframework.security.web.session.DisableEncodeUrlFilter@2f04b62c, org.springframework.security.web.context.request.async.WebAsyncManagerIntegrationFilter@4b1bdc51, org.springframework.security.web.context.SecurityContextHolderFilter@8be7ccc, org.springframework.security.web.header.HeaderWriterFilter@6ba8c9f8, org.springframework.security.web.csrf.CsrfFilter@4996f80, org.springframework.security.web.authentication.logout.LogoutFilter@5ed6ada0, org.springframework.security.web.authentication.UsernamePasswordAuthenticationFilter@44d4b8bb, org.springframework.security.web.savedrequest.RequestCacheAwareFilter@4714f734, org.springframework.security.web.servletapi.SecurityContextHolderAwareRequestFilter@83f1228, org.springframework.security.web.authentication.AnonymousAuthenticationFilter@28801ab5, org.springframework.security.web.access.ExceptionTranslationFilter@126bb1f7, org.springframework.security.web.access.intercept.AuthorizationFilter@4e45b7b0]
2023-04-06 23:30:00,288 INFO o.s.b.d.a.OptionalLiveReloadServer [restartedMain] LiveReload server is running on port 35729
2023-04-06 23:30:00,328 INFO o.a.j.l.DirectJDKLog [restartedMain] Starting ProtocolHandler ["http-nio-9090"]
2023-04-06 23:30:00,336 INFO o.s.b.w.e.t.TomcatWebServer [restartedMain] Tomcat started on port(s): 9090 (http) with context path ''
2023-04-06 23:30:00,348 INFO o.s.b.StartupInfoLogger [restartedMain] Started Java13SpringMyApplication in 8.621 seconds (process running for 111.65)
2023-04-06 23:30:00,355 INFO o.s.b.d.a.ConditionEvaluationDeltaLoggingListener [restartedMain] Condition evaluation delta:


==========================
CONDITION EVALUATION DELTA
==========================


Positive matches:
-----------------

    None


Negative matches:
-----------------

   ErrorMvcAutoConfiguration#basicErrorController:
      Did not match:
         - @ConditionalOnMissingBean (types: org.springframework.boot.web.servlet.error.ErrorController; SearchStrategy: current) found beans of type 'org.springframework.boot.web.servlet.error.ErrorController' MVCErrorController (OnBeanCondition)


Exclusions:
-----------

    None


Unconditional classes:
----------------------

    None



2023-04-06 23:30:03,171 INFO o.a.j.l.DirectJDKLog [http-nio-9090-exec-1] Initializing Spring DispatcherServlet 'dispatcherServlet'
2023-04-06 23:30:03,172 INFO o.s.w.s.FrameworkServlet [http-nio-9090-exec-1] Initializing Servlet 'dispatcherServlet'
2023-04-06 23:30:03,175 INFO o.s.w.s.FrameworkServlet [http-nio-9090-exec-1] Completed initialization in 3 ms
2023-04-06 23:30:08,949 WARN o.a.j.l.DirectJDKLog [http-nio-9090-exec-5] Creation of SecureRandom instance for session ID generation using [SHA1PRNG] took [148] milliseconds.
2023-04-06 23:30:41,492 INFO o.s.b.d.a.LocalDevToolsAutoConfiguration$RestartingClassPathChangeChangedEventListener [File Watcher] Restarting due to 1 class path change (0 additions, 1 deletion, 0 modifications)
2023-04-06 23:30:41,517 INFO o.a.j.l.DirectJDKLog [Thread-11] Pausing ProtocolHandler ["http-nio-9090"]
2023-04-06 23:30:41,518 INFO o.a.j.l.DirectJDKLog [Thread-11] Stopping service [Tomcat]
2023-04-06 23:30:41,519 INFO o.a.j.l.DirectJDKLog [Thread-11] Destroying Spring FrameworkServlet 'dispatcherServlet'
2023-04-06 23:30:41,525 INFO o.a.j.l.DirectJDKLog [Thread-11] Stopping ProtocolHandler ["http-nio-9090"]
2023-04-06 23:30:41,528 INFO o.a.j.l.DirectJDKLog [Thread-11] Destroying ProtocolHandler ["http-nio-9090"]
2023-04-06 23:30:41,534 INFO o.s.o.j.AbstractEntityManagerFactoryBean [Thread-11] Closing JPA EntityManagerFactory for persistence unit 'default'
2023-04-06 23:30:41,536 INFO c.z.h.HikariDataSource [Thread-11] HikariPool-3 - Shutdown initiated...
2023-04-06 23:30:41,548 INFO c.z.h.HikariDataSource [Thread-11] HikariPool-3 - Shutdown completed.
2023-04-06 23:30:41,951 INFO o.s.b.StartupInfoLogger [restartedMain] Starting Java13SpringMyApplication using Java 19.0.1 with PID 10888 (C:\Users\Vyacheslav\IdeaProjects\Java13SpringSD\target\classes started by Vyacheslav in C:\Users\Vyacheslav\IdeaProjects\Java13SpringSD)
2023-04-06 23:30:41,952 INFO o.s.b.SpringApplication [restartedMain] No active profile set, falling back to 1 default profile: "default"
2023-04-06 23:30:42,723 INFO o.s.d.r.c.RepositoryConfigurationDelegate [restartedMain] Multiple Spring Data modules found, entering strict repository configuration mode
2023-04-06 23:30:42,724 INFO o.s.d.r.c.RepositoryConfigurationDelegate [restartedMain] Bootstrapping Spring Data JDBC repositories in DEFAULT mode.
2023-04-06 23:30:42,750 INFO o.s.d.r.c.RepositoryConfigurationExtensionSupport [restartedMain] Spring Data JDBC - Could not safely identify store assignment for repository candidate interface ru.sber.spring.java13springmy.sdproject.repository.AttachmentsRepository; If you want this repository to be a JDBC repository, consider annotating your entities with one of these annotations: org.springframework.data.relational.core.mapping.Table.
2023-04-06 23:30:42,752 INFO o.s.d.r.c.RepositoryConfigurationExtensionSupport [restartedMain] Spring Data JDBC - Could not safely identify store assignment for repository candidate interface ru.sber.spring.java13springmy.sdproject.repository.CalendarRepository; If you want this repository to be a JDBC repository, consider annotating your entities with one of these annotations: org.springframework.data.relational.core.mapping.Table.
2023-04-06 23:30:42,755 INFO o.s.d.r.c.RepositoryConfigurationExtensionSupport [restartedMain] Spring Data JDBC - Could not safely identify store assignment for repository candidate interface ru.sber.spring.java13springmy.sdproject.repository.CategoryRepository; If you want this repository to be a JDBC repository, consider annotating your entities with one of these annotations: org.springframework.data.relational.core.mapping.Table.
2023-04-06 23:30:42,758 INFO o.s.d.r.c.RepositoryConfigurationExtensionSupport [restartedMain] Spring Data JDBC - Could not safely identify store assignment for repository candidate interface ru.sber.spring.java13springmy.sdproject.repository.GroupRepository; If you want this repository to be a JDBC repository, consider annotating your entities with one of these annotations: org.springframework.data.relational.core.mapping.Table.
2023-04-06 23:30:42,760 INFO o.s.d.r.c.RepositoryConfigurationExtensionSupport [restartedMain] Spring Data JDBC - Could not safely identify store assignment for repository candidate interface ru.sber.spring.java13springmy.sdproject.repository.LocationRepository; If you want this repository to be a JDBC repository, consider annotating your entities with one of these annotations: org.springframework.data.relational.core.mapping.Table.
2023-04-06 23:30:42,763 INFO o.s.d.r.c.RepositoryConfigurationExtensionSupport [restartedMain] Spring Data JDBC - Could not safely identify store assignment for repository candidate interface ru.sber.spring.java13springmy.sdproject.repository.RoleRepository; If you want this repository to be a JDBC repository, consider annotating your entities with one of these annotations: org.springframework.data.relational.core.mapping.Table.
2023-04-06 23:30:42,766 INFO o.s.d.r.c.RepositoryConfigurationExtensionSupport [restartedMain] Spring Data JDBC - Could not safely identify store assignment for repository candidate interface ru.sber.spring.java13springmy.sdproject.repository.SLARepository; If you want this repository to be a JDBC repository, consider annotating your entities with one of these annotations: org.springframework.data.relational.core.mapping.Table.
2023-04-06 23:30:42,768 INFO o.s.d.r.c.RepositoryConfigurationExtensionSupport [restartedMain] Spring Data JDBC - Could not safely identify store assignment for repository candidate interface ru.sber.spring.java13springmy.sdproject.repository.TaskRepository; If you want this repository to be a JDBC repository, consider annotating your entities with one of these annotations: org.springframework.data.relational.core.mapping.Table.
2023-04-06 23:30:42,770 INFO o.s.d.r.c.RepositoryConfigurationExtensionSupport [restartedMain] Spring Data JDBC - Could not safely identify store assignment for repository candidate interface ru.sber.spring.java13springmy.sdproject.repository.TypeTaskRepository; If you want this repository to be a JDBC repository, consider annotating your entities with one of these annotations: org.springframework.data.relational.core.mapping.Table.
2023-04-06 23:30:42,773 INFO o.s.d.r.c.RepositoryConfigurationExtensionSupport [restartedMain] Spring Data JDBC - Could not safely identify store assignment for repository candidate interface ru.sber.spring.java13springmy.sdproject.repository.UserRepository; If you want this repository to be a JDBC repository, consider annotating your entities with one of these annotations: org.springframework.data.relational.core.mapping.Table.
2023-04-06 23:30:42,776 INFO o.s.d.r.c.RepositoryConfigurationExtensionSupport [restartedMain] Spring Data JDBC - Could not safely identify store assignment for repository candidate interface ru.sber.spring.java13springmy.sdproject.repository.WorkScheduleRepository; If you want this repository to be a JDBC repository, consider annotating your entities with one of these annotations: org.springframework.data.relational.core.mapping.Table.
2023-04-06 23:30:42,776 INFO o.s.d.r.c.RepositoryConfigurationDelegate [restartedMain] Finished Spring Data repository scanning in 52 ms. Found 0 JDBC repository interfaces.
2023-04-06 23:30:42,785 INFO o.s.d.r.c.RepositoryConfigurationDelegate [restartedMain] Multiple Spring Data modules found, entering strict repository configuration mode
2023-04-06 23:30:42,785 INFO o.s.d.r.c.RepositoryConfigurationDelegate [restartedMain] Bootstrapping Spring Data JPA repositories in DEFAULT mode.
2023-04-06 23:30:42,844 INFO o.s.d.r.c.RepositoryConfigurationDelegate [restartedMain] Finished Spring Data repository scanning in 58 ms. Found 11 JPA repository interfaces.
2023-04-06 23:30:43,137 INFO o.s.b.w.e.t.TomcatWebServer [restartedMain] Tomcat initialized with port(s): 9090 (http)
2023-04-06 23:30:43,137 INFO o.a.j.l.DirectJDKLog [restartedMain] Initializing ProtocolHandler ["http-nio-9090"]
2023-04-06 23:30:43,138 INFO o.a.j.l.DirectJDKLog [restartedMain] Starting service [Tomcat]
2023-04-06 23:30:43,138 INFO o.a.j.l.DirectJDKLog [restartedMain] Starting Servlet engine: [Apache Tomcat/10.1.4]
2023-04-06 23:30:43,208 INFO o.a.j.l.DirectJDKLog [restartedMain] Initializing Spring embedded WebApplicationContext
2023-04-06 23:30:43,208 INFO o.s.b.w.s.c.ServletWebServerApplicationContext [restartedMain] Root WebApplicationContext: initialization completed in 1253 ms
2023-04-06 23:30:43,504 INFO o.h.j.i.u.LogHelper [restartedMain] HHH000204: Processing PersistenceUnitInfo [name: default]
2023-04-06 23:30:43,556 INFO c.z.h.HikariDataSource [restartedMain] HikariPool-4 - Starting...
2023-04-06 23:30:43,621 INFO c.z.h.p.HikariPool [restartedMain] HikariPool-4 - Added connection org.postgresql.jdbc.PgConnection@68b91403
2023-04-06 23:30:43,621 INFO c.z.h.HikariDataSource [restartedMain] HikariPool-4 - Start completed.
2023-04-06 23:30:43,638 INFO o.h.e.j.d.i.DialectFactoryImpl [restartedMain] HHH000400: Using dialect: org.hibernate.dialect.PostgreSQLDialect
2023-04-06 23:30:43,658 WARN o.h.b.i.InFlightMetadataCollectorImpl [restartedMain] HHH000069: Duplicate generator name default_gen
2023-04-06 23:30:43,668 WARN o.h.b.i.InFlightMetadataCollectorImpl [restartedMain] HHH000069: Duplicate generator name default_gen
2023-04-06 23:30:43,673 WARN o.h.b.i.InFlightMetadataCollectorImpl [restartedMain] HHH000069: Duplicate generator name default_gen
2023-04-06 23:30:43,680 WARN o.h.b.i.InFlightMetadataCollectorImpl [restartedMain] HHH000069: Duplicate generator name default_gen
2023-04-06 23:30:43,688 WARN o.h.b.i.InFlightMetadataCollectorImpl [restartedMain] HHH000069: Duplicate generator name default_gen
2023-04-06 23:30:43,700 WARN o.h.b.i.InFlightMetadataCollectorImpl [restartedMain] HHH000069: Duplicate generator name default_gen
2023-04-06 23:30:43,705 WARN o.h.b.i.InFlightMetadataCollectorImpl [restartedMain] HHH000069: Duplicate generator name default_gen
2023-04-06 23:30:43,721 WARN o.h.b.i.InFlightMetadataCollectorImpl [restartedMain] HHH000069: Duplicate generator name default_gen
2023-04-06 23:30:45,053 INFO o.h.e.t.j.p.i.JtaPlatformInitiator [restartedMain] HHH000490: Using JtaPlatform implementation: [org.hibernate.engine.transaction.jta.platform.internal.NoJtaPlatform]
2023-04-06 23:30:45,054 INFO o.s.o.j.AbstractEntityManagerFactoryBean [restartedMain] Initialized JPA EntityManagerFactory for persistence unit 'default'
2023-04-06 23:30:48,432 WARN o.s.b.a.o.j.JpaBaseConfiguration$JpaWebConfiguration [restartedMain] spring.jpa.open-in-view is enabled by default. Therefore, database queries may be performed during view rendering. Explicitly configure spring.jpa.open-in-view to disable this warning
2023-04-06 23:30:48,494 INFO o.s.b.a.w.s.WelcomePageHandlerMapping [restartedMain] Adding welcome page template: index
2023-04-06 23:30:49,803 INFO o.s.s.w.DefaultSecurityFilterChain [restartedMain] Will secure any request with [org.springframework.security.web.session.DisableEncodeUrlFilter@697e0285, org.springframework.security.web.context.request.async.WebAsyncManagerIntegrationFilter@4bb30e4f, org.springframework.security.web.context.SecurityContextHolderFilter@43095607, org.springframework.security.web.header.HeaderWriterFilter@6285e9e4, org.springframework.security.web.csrf.CsrfFilter@5825da3c, org.springframework.security.web.authentication.logout.LogoutFilter@32bea8bc, org.springframework.security.web.authentication.UsernamePasswordAuthenticationFilter@2ec2a4a9, org.springframework.security.web.savedrequest.RequestCacheAwareFilter@358b9060, org.springframework.security.web.servletapi.SecurityContextHolderAwareRequestFilter@76897548, org.springframework.security.web.authentication.AnonymousAuthenticationFilter@24c5cde7, org.springframework.security.web.access.ExceptionTranslationFilter@6414fabb, org.springframework.security.web.access.intercept.AuthorizationFilter@66412b1d]
2023-04-06 23:30:50,016 INFO o.s.b.d.a.OptionalLiveReloadServer [restartedMain] LiveReload server is running on port 35729
2023-04-06 23:30:50,058 INFO o.a.j.l.DirectJDKLog [restartedMain] Starting ProtocolHandler ["http-nio-9090"]
2023-04-06 23:30:50,067 INFO o.s.b.w.e.t.TomcatWebServer [restartedMain] Tomcat started on port(s): 9090 (http) with context path ''
2023-04-06 23:30:50,079 INFO o.s.b.StartupInfoLogger [restartedMain] Started Java13SpringMyApplication in 8.266 seconds (process running for 161.382)
2023-04-06 23:30:50,088 INFO o.s.b.d.a.ConditionEvaluationDeltaLoggingListener [restartedMain] Condition evaluation delta:


==========================
CONDITION EVALUATION DELTA
==========================


Positive matches:
-----------------

   ErrorMvcAutoConfiguration#basicErrorController matched:
      - @ConditionalOnMissingBean (types: org.springframework.boot.web.servlet.error.ErrorController; SearchStrategy: current) did not find any beans (OnBeanCondition)


Negative matches:
-----------------

    None


Exclusions:
-----------

    None


Unconditional classes:
----------------------

    None



2023-04-06 23:30:53,946 INFO o.s.b.d.a.LocalDevToolsAutoConfiguration$RestartingClassPathChangeChangedEventListener [File Watcher] Restarting due to 1 class path change (1 addition, 0 deletions, 0 modifications)
2023-04-06 23:30:53,967 INFO o.a.j.l.DirectJDKLog [Thread-15] Pausing ProtocolHandler ["http-nio-9090"]
2023-04-06 23:30:53,968 INFO o.a.j.l.DirectJDKLog [Thread-15] Stopping service [Tomcat]
2023-04-06 23:30:53,974 INFO o.a.j.l.DirectJDKLog [Thread-15] Stopping ProtocolHandler ["http-nio-9090"]
2023-04-06 23:30:53,979 INFO o.a.j.l.DirectJDKLog [Thread-15] Destroying ProtocolHandler ["http-nio-9090"]
2023-04-06 23:30:53,984 INFO o.s.o.j.AbstractEntityManagerFactoryBean [Thread-15] Closing JPA EntityManagerFactory for persistence unit 'default'
2023-04-06 23:30:53,985 INFO c.z.h.HikariDataSource [Thread-15] HikariPool-4 - Shutdown initiated...
2023-04-06 23:30:53,993 INFO c.z.h.HikariDataSource [Thread-15] HikariPool-4 - Shutdown completed.
2023-04-06 23:30:54,359 INFO o.s.b.StartupInfoLogger [restartedMain] Starting Java13SpringMyApplication using Java 19.0.1 with PID 10888 (C:\Users\Vyacheslav\IdeaProjects\Java13SpringSD\target\classes started by Vyacheslav in C:\Users\Vyacheslav\IdeaProjects\Java13SpringSD)
2023-04-06 23:30:54,360 INFO o.s.b.SpringApplication [restartedMain] No active profile set, falling back to 1 default profile: "default"
2023-04-06 23:30:55,334 INFO o.s.d.r.c.RepositoryConfigurationDelegate [restartedMain] Multiple Spring Data modules found, entering strict repository configuration mode
2023-04-06 23:30:55,334 INFO o.s.d.r.c.RepositoryConfigurationDelegate [restartedMain] Bootstrapping Spring Data JDBC repositories in DEFAULT mode.
2023-04-06 23:30:55,355 INFO o.s.d.r.c.RepositoryConfigurationExtensionSupport [restartedMain] Spring Data JDBC - Could not safely identify store assignment for repository candidate interface ru.sber.spring.java13springmy.sdproject.repository.AttachmentsRepository; If you want this repository to be a JDBC repository, consider annotating your entities with one of these annotations: org.springframework.data.relational.core.mapping.Table.
2023-04-06 23:30:55,358 INFO o.s.d.r.c.RepositoryConfigurationExtensionSupport [restartedMain] Spring Data JDBC - Could not safely identify store assignment for repository candidate interface ru.sber.spring.java13springmy.sdproject.repository.CalendarRepository; If you want this repository to be a JDBC repository, consider annotating your entities with one of these annotations: org.springframework.data.relational.core.mapping.Table.
2023-04-06 23:30:55,360 INFO o.s.d.r.c.RepositoryConfigurationExtensionSupport [restartedMain] Spring Data JDBC - Could not safely identify store assignment for repository candidate interface ru.sber.spring.java13springmy.sdproject.repository.CategoryRepository; If you want this repository to be a JDBC repository, consider annotating your entities with one of these annotations: org.springframework.data.relational.core.mapping.Table.
2023-04-06 23:30:55,362 INFO o.s.d.r.c.RepositoryConfigurationExtensionSupport [restartedMain] Spring Data JDBC - Could not safely identify store assignment for repository candidate interface ru.sber.spring.java13springmy.sdproject.repository.GroupRepository; If you want this repository to be a JDBC repository, consider annotating your entities with one of these annotations: org.springframework.data.relational.core.mapping.Table.
2023-04-06 23:30:55,364 INFO o.s.d.r.c.RepositoryConfigurationExtensionSupport [restartedMain] Spring Data JDBC - Could not safely identify store assignment for repository candidate interface ru.sber.spring.java13springmy.sdproject.repository.LocationRepository; If you want this repository to be a JDBC repository, consider annotating your entities with one of these annotations: org.springframework.data.relational.core.mapping.Table.
2023-04-06 23:30:55,368 INFO o.s.d.r.c.RepositoryConfigurationExtensionSupport [restartedMain] Spring Data JDBC - Could not safely identify store assignment for repository candidate interface ru.sber.spring.java13springmy.sdproject.repository.RoleRepository; If you want this repository to be a JDBC repository, consider annotating your entities with one of these annotations: org.springframework.data.relational.core.mapping.Table.
2023-04-06 23:30:55,370 INFO o.s.d.r.c.RepositoryConfigurationExtensionSupport [restartedMain] Spring Data JDBC - Could not safely identify store assignment for repository candidate interface ru.sber.spring.java13springmy.sdproject.repository.SLARepository; If you want this repository to be a JDBC repository, consider annotating your entities with one of these annotations: org.springframework.data.relational.core.mapping.Table.
2023-04-06 23:30:55,373 INFO o.s.d.r.c.RepositoryConfigurationExtensionSupport [restartedMain] Spring Data JDBC - Could not safely identify store assignment for repository candidate interface ru.sber.spring.java13springmy.sdproject.repository.TaskRepository; If you want this repository to be a JDBC repository, consider annotating your entities with one of these annotations: org.springframework.data.relational.core.mapping.Table.
2023-04-06 23:30:55,375 INFO o.s.d.r.c.RepositoryConfigurationExtensionSupport [restartedMain] Spring Data JDBC - Could not safely identify store assignment for repository candidate interface ru.sber.spring.java13springmy.sdproject.repository.TypeTaskRepository; If you want this repository to be a JDBC repository, consider annotating your entities with one of these annotations: org.springframework.data.relational.core.mapping.Table.
2023-04-06 23:30:55,378 INFO o.s.d.r.c.RepositoryConfigurationExtensionSupport [restartedMain] Spring Data JDBC - Could not safely identify store assignment for repository candidate interface ru.sber.spring.java13springmy.sdproject.repository.UserRepository; If you want this repository to be a JDBC repository, consider annotating your entities with one of these annotations: org.springframework.data.relational.core.mapping.Table.
2023-04-06 23:30:55,381 INFO o.s.d.r.c.RepositoryConfigurationExtensionSupport [restartedMain] Spring Data JDBC - Could not safely identify store assignment for repository candidate interface ru.sber.spring.java13springmy.sdproject.repository.WorkScheduleRepository; If you want this repository to be a JDBC repository, consider annotating your entities with one of these annotations: org.springframework.data.relational.core.mapping.Table.
2023-04-06 23:30:55,381 INFO o.s.d.r.c.RepositoryConfigurationDelegate [restartedMain] Finished Spring Data repository scanning in 46 ms. Found 0 JDBC repository interfaces.
2023-04-06 23:30:55,390 INFO o.s.d.r.c.RepositoryConfigurationDelegate [restartedMain] Multiple Spring Data modules found, entering strict repository configuration mode
2023-04-06 23:30:55,390 INFO o.s.d.r.c.RepositoryConfigurationDelegate [restartedMain] Bootstrapping Spring Data JPA repositories in DEFAULT mode.
2023-04-06 23:30:55,443 INFO o.s.d.r.c.RepositoryConfigurationDelegate [restartedMain] Finished Spring Data repository scanning in 52 ms. Found 11 JPA repository interfaces.
2023-04-06 23:30:55,778 INFO o.s.b.w.e.t.TomcatWebServer [restartedMain] Tomcat initialized with port(s): 9090 (http)
2023-04-06 23:30:55,779 INFO o.a.j.l.DirectJDKLog [restartedMain] Initializing ProtocolHandler ["http-nio-9090"]
2023-04-06 23:30:55,779 INFO o.a.j.l.DirectJDKLog [restartedMain] Starting service [Tomcat]
2023-04-06 23:30:55,779 INFO o.a.j.l.DirectJDKLog [restartedMain] Starting Servlet engine: [Apache Tomcat/10.1.4]
2023-04-06 23:30:55,844 INFO o.a.j.l.DirectJDKLog [restartedMain] Initializing Spring embedded WebApplicationContext
2023-04-06 23:30:55,844 INFO o.s.b.w.s.c.ServletWebServerApplicationContext [restartedMain] Root WebApplicationContext: initialization completed in 1481 ms
2023-04-06 23:30:55,964 INFO o.h.j.i.u.LogHelper [restartedMain] HHH000204: Processing PersistenceUnitInfo [name: default]
2023-04-06 23:30:55,989 INFO c.z.h.HikariDataSource [restartedMain] HikariPool-5 - Starting...
2023-04-06 23:30:56,046 INFO c.z.h.p.HikariPool [restartedMain] HikariPool-5 - Added connection org.postgresql.jdbc.PgConnection@75276967
2023-04-06 23:30:56,047 INFO c.z.h.HikariDataSource [restartedMain] HikariPool-5 - Start completed.
2023-04-06 23:30:56,084 INFO o.h.e.j.d.i.DialectFactoryImpl [restartedMain] HHH000400: Using dialect: org.hibernate.dialect.PostgreSQLDialect
2023-04-06 23:30:56,103 WARN o.h.b.i.InFlightMetadataCollectorImpl [restartedMain] HHH000069: Duplicate generator name default_gen
2023-04-06 23:30:56,109 WARN o.h.b.i.InFlightMetadataCollectorImpl [restartedMain] HHH000069: Duplicate generator name default_gen
2023-04-06 23:30:56,114 WARN o.h.b.i.InFlightMetadataCollectorImpl [restartedMain] HHH000069: Duplicate generator name default_gen
2023-04-06 23:30:56,119 WARN o.h.b.i.InFlightMetadataCollectorImpl [restartedMain] HHH000069: Duplicate generator name default_gen
2023-04-06 23:30:56,123 WARN o.h.b.i.InFlightMetadataCollectorImpl [restartedMain] HHH000069: Duplicate generator name default_gen
2023-04-06 23:30:56,132 WARN o.h.b.i.InFlightMetadataCollectorImpl [restartedMain] HHH000069: Duplicate generator name default_gen
2023-04-06 23:30:56,136 WARN o.h.b.i.InFlightMetadataCollectorImpl [restartedMain] HHH000069: Duplicate generator name default_gen
2023-04-06 23:30:56,144 WARN o.h.b.i.InFlightMetadataCollectorImpl [restartedMain] HHH000069: Duplicate generator name default_gen
2023-04-06 23:30:56,905 INFO o.h.e.t.j.p.i.JtaPlatformInitiator [restartedMain] HHH000490: Using JtaPlatform implementation: [org.hibernate.engine.transaction.jta.platform.internal.NoJtaPlatform]
2023-04-06 23:30:56,905 INFO o.s.o.j.AbstractEntityManagerFactoryBean [restartedMain] Initialized JPA EntityManagerFactory for persistence unit 'default'
2023-04-06 23:30:58,934 WARN o.s.b.a.o.j.JpaBaseConfiguration$JpaWebConfiguration [restartedMain] spring.jpa.open-in-view is enabled by default. Therefore, database queries may be performed during view rendering. Explicitly configure spring.jpa.open-in-view to disable this warning
2023-04-06 23:30:58,986 INFO o.s.b.a.w.s.WelcomePageHandlerMapping [restartedMain] Adding welcome page template: index
2023-04-06 23:31:00,713 INFO o.s.s.w.DefaultSecurityFilterChain [restartedMain] Will secure any request with [org.springframework.security.web.session.DisableEncodeUrlFilter@6408d7fd, org.springframework.security.web.context.request.async.WebAsyncManagerIntegrationFilter@3b6cc83b, org.springframework.security.web.context.SecurityContextHolderFilter@34728afc, org.springframework.security.web.header.HeaderWriterFilter@6077ed3b, org.springframework.security.web.csrf.CsrfFilter@19924136, org.springframework.security.web.authentication.logout.LogoutFilter@15434bac, org.springframework.security.web.authentication.UsernamePasswordAuthenticationFilter@6b99ef09, org.springframework.security.web.savedrequest.RequestCacheAwareFilter@3f62e6b5, org.springframework.security.web.servletapi.SecurityContextHolderAwareRequestFilter@6a8724dc, org.springframework.security.web.authentication.AnonymousAuthenticationFilter@242f31a4, org.springframework.security.web.access.ExceptionTranslationFilter@a1be560, org.springframework.security.web.access.intercept.AuthorizationFilter@6e4e2250]
2023-04-06 23:31:01,000 INFO o.s.b.d.a.OptionalLiveReloadServer [restartedMain] LiveReload server is running on port 35729
2023-04-06 23:31:01,031 INFO o.a.j.l.DirectJDKLog [restartedMain] Starting ProtocolHandler ["http-nio-9090"]
2023-04-06 23:31:01,037 INFO o.s.b.w.e.t.TomcatWebServer [restartedMain] Tomcat started on port(s): 9090 (http) with context path ''
2023-04-06 23:31:01,047 INFO o.s.b.StartupInfoLogger [restartedMain] Started Java13SpringMyApplication in 6.825 seconds (process running for 172.35)
2023-04-06 23:31:01,051 INFO o.s.b.d.a.ConditionEvaluationDeltaLoggingListener [restartedMain] Condition evaluation delta:


==========================
CONDITION EVALUATION DELTA
==========================


Positive matches:
-----------------

    None


Negative matches:
-----------------

   ErrorMvcAutoConfiguration#basicErrorController:
      Did not match:
         - @ConditionalOnMissingBean (types: org.springframework.boot.web.servlet.error.ErrorController; SearchStrategy: current) found beans of type 'org.springframework.boot.web.servlet.error.ErrorController' MVCErrorController (OnBeanCondition)


Exclusions:
-----------

    None


Unconditional classes:
----------------------

    None



2023-04-06 23:32:46,914 INFO o.a.j.l.DirectJDKLog [http-nio-9090-exec-1] Initializing Spring DispatcherServlet 'dispatcherServlet'
2023-04-06 23:32:46,915 INFO o.s.w.s.FrameworkServlet [http-nio-9090-exec-1] Initializing Servlet 'dispatcherServlet'
2023-04-06 23:32:46,931 INFO o.s.w.s.FrameworkServlet [http-nio-9090-exec-1] Completed initialization in 15 ms
2023-04-06 23:32:47,735 ERROR r.s.s.j.s.M.c.MVCErrorController [http-nio-9090-exec-4] Случилась беда! Ошибка 404
2023-04-06 23:32:47,751 ERROR r.s.s.j.s.M.c.MVCErrorController [http-nio-9090-exec-3] Случилась беда! Ошибка 404
2023-04-06 23:32:47,869 ERROR r.s.s.j.s.M.c.MVCErrorController [http-nio-9090-exec-5] Случилась беда! Ошибка 404
2023-04-06 23:32:49,626 ERROR r.s.s.j.s.M.c.MVCErrorController [http-nio-9090-exec-6] Случилась беда! Ошибка 404
2023-04-06 23:32:49,627 ERROR r.s.s.j.s.M.c.MVCErrorController [http-nio-9090-exec-8] Случилась беда! Ошибка 404
2023-04-06 23:32:49,711 ERROR r.s.s.j.s.M.c.MVCErrorController [http-nio-9090-exec-10] Случилась беда! Ошибка 404
2023-04-06 23:33:01,536 ERROR r.s.s.j.s.M.c.MVCErrorController [http-nio-9090-exec-1] Случилась беда! Ошибка 404
2023-04-06 23:33:01,543 ERROR r.s.s.j.s.M.c.MVCErrorController [http-nio-9090-exec-2] Случилась беда! Ошибка 404
2023-04-06 23:33:01,613 ERROR r.s.s.j.s.M.c.MVCErrorController [http-nio-9090-exec-4] Случилась беда! Ошибка 404
2023-04-06 23:35:26,921 ERROR r.s.s.j.s.M.c.MVCErrorController [http-nio-9090-exec-6] Случилась беда! Ошибка 404
2023-04-06 23:35:26,934 ERROR r.s.s.j.s.M.c.MVCErrorController [http-nio-9090-exec-8] Случилась беда! Ошибка 404
2023-04-06 23:35:27,026 ERROR r.s.s.j.s.M.c.MVCErrorController [http-nio-9090-exec-10] Случилась беда! Ошибка 404
2023-04-06 23:35:35,774 ERROR r.s.s.j.s.M.c.MVCErrorController [http-nio-9090-exec-10] Случилась беда! Ошибка 404
2023-04-06 23:35:35,775 ERROR r.s.s.j.s.M.c.MVCErrorController [http-nio-9090-exec-6] Случилась беда! Ошибка 404
2023-04-06 23:35:35,878 ERROR r.s.s.j.s.M.c.MVCErrorController [http-nio-9090-exec-9] Случилась беда! Ошибка 404
2023-04-06 23:35:37,749 ERROR r.s.s.j.s.M.c.MVCErrorController [http-nio-9090-exec-4] Случилась беда! Ошибка 404
2023-04-06 23:35:37,765 ERROR r.s.s.j.s.M.c.MVCErrorController [http-nio-9090-exec-2] Случилась беда! Ошибка 404
2023-04-06 23:35:41,726 ERROR r.s.s.j.s.M.c.MVCErrorController [http-nio-9090-exec-5] Случилась беда! Ошибка 404
2023-04-06 23:35:41,737 ERROR r.s.s.j.s.M.c.MVCErrorController [http-nio-9090-exec-7] Случилась беда! Ошибка 404
2023-04-06 23:36:53,198 ERROR r.s.s.j.s.M.c.MVCErrorController [http-nio-9090-exec-10] Случилась беда! Ошибка 404
2023-04-06 23:36:53,200 ERROR r.s.s.j.s.M.c.MVCErrorController [http-nio-9090-exec-6] Случилась беда! Ошибка 404
2023-04-06 23:36:55,814 ERROR r.s.s.j.s.M.c.MVCErrorController [http-nio-9090-exec-1] Случилась беда! Ошибка 404
2023-04-06 23:36:55,836 ERROR r.s.s.j.s.M.c.MVCErrorController [http-nio-9090-exec-2] Случилась беда! Ошибка 404
2023-04-06 23:37:01,054 ERROR r.s.s.j.s.M.c.MVCErrorController [http-nio-9090-exec-7] Случилась беда! Ошибка 404
2023-04-06 23:37:01,113 ERROR r.s.s.j.s.M.c.MVCErrorController [http-nio-9090-exec-3] Случилась беда! Ошибка 404
2023-04-06 23:37:01,398 ERROR r.s.s.j.s.M.c.MVCErrorController [http-nio-9090-exec-8] Случилась беда! Ошибка 404
2023-04-06 23:37:03,368 ERROR r.s.s.j.s.M.c.MVCErrorController [http-nio-9090-exec-9] Случилась беда! Ошибка 404
2023-04-06 23:37:03,370 ERROR r.s.s.j.s.M.c.MVCErrorController [http-nio-9090-exec-1] Случилась беда! Ошибка 404
2023-04-06 23:37:03,657 ERROR r.s.s.j.s.M.c.MVCErrorController [http-nio-9090-exec-2] Случилась беда! Ошибка 404
2023-04-06 23:37:03,895 ERROR r.s.s.j.s.M.c.MVCErrorController [http-nio-9090-exec-4] Случилась беда! Ошибка 404
2023-04-06 23:37:05,997 ERROR r.s.s.j.s.M.c.MVCErrorController [http-nio-9090-exec-3] Случилась беда! Ошибка 404
2023-04-06 23:37:06,012 ERROR r.s.s.j.s.M.c.MVCErrorController [http-nio-9090-exec-7] Случилась беда! Ошибка 404
2023-04-06 23:37:06,152 ERROR r.s.s.j.s.M.c.MVCErrorController [http-nio-9090-exec-8] Случилась беда! Ошибка 404
2023-04-06 23:37:18,082 ERROR r.s.s.j.s.M.c.MVCErrorController [http-nio-9090-exec-6] Случилась беда! Ошибка 404
2023-04-06 23:37:18,088 ERROR r.s.s.j.s.M.c.MVCErrorController [http-nio-9090-exec-10] Случилась беда! Ошибка 404
2023-04-06 23:37:18,181 ERROR r.s.s.j.s.M.c.MVCErrorController [http-nio-9090-exec-9] Случилась беда! Ошибка 404
2023-04-06 23:37:20,763 ERROR r.s.s.j.s.M.c.MVCErrorController [http-nio-9090-exec-4] Случилась беда! Ошибка 404
2023-04-06 23:37:20,764 ERROR r.s.s.j.s.M.c.MVCErrorController [http-nio-9090-exec-2] Случилась беда! Ошибка 404
2023-04-06 23:37:20,890 ERROR r.s.s.j.s.M.c.MVCErrorController [http-nio-9090-exec-5] Случилась беда! Ошибка 404
2023-04-06 23:37:24,391 ERROR r.s.s.j.s.M.c.MVCErrorController [http-nio-9090-exec-7] Случилась беда! Ошибка 404
2023-04-06 23:37:24,394 ERROR r.s.s.j.s.M.c.MVCErrorController [http-nio-9090-exec-8] Случилась беда! Ошибка 404
2023-04-06 23:37:24,497 ERROR r.s.s.j.s.M.c.MVCErrorController [http-nio-9090-exec-10] Случилась беда! Ошибка 404
2023-04-06 23:37:29,105 ERROR r.s.s.j.s.M.c.MVCErrorController [http-nio-9090-exec-1] Случилась беда! Ошибка 404
2023-04-06 23:37:29,111 ERROR r.s.s.j.s.M.c.MVCErrorController [http-nio-9090-exec-9] Случилась беда! Ошибка 404
2023-04-06 23:37:31,627 ERROR r.s.s.j.s.M.c.MVCErrorController [http-nio-9090-exec-2] Случилась беда! Ошибка 404
2023-04-06 23:37:31,633 ERROR r.s.s.j.s.M.c.MVCErrorController [http-nio-9090-exec-5] Случилась беда! Ошибка 404
2023-04-06 23:37:31,728 ERROR r.s.s.j.s.M.c.MVCErrorController [http-nio-9090-exec-3] Случилась беда! Ошибка 404
2023-04-06 23:37:31,824 ERROR r.s.s.j.s.M.c.MVCErrorController [http-nio-9090-exec-7] Случилась беда! Ошибка 404
2023-04-06 23:37:33,410 ERROR r.s.s.j.s.M.c.MVCErrorController [http-nio-9090-exec-6] Случилась беда! Ошибка 404
2023-04-06 23:37:33,412 ERROR r.s.s.j.s.M.c.MVCErrorController [http-nio-9090-exec-10] Случилась беда! Ошибка 404
2023-04-06 23:37:33,540 ERROR r.s.s.j.s.M.c.MVCErrorController [http-nio-9090-exec-9] Случилась беда! Ошибка 404
2023-04-06 23:37:39,251 ERROR r.s.s.j.s.M.c.MVCErrorController [http-nio-9090-exec-10] Случилась беда! Ошибка 404
2023-04-06 23:37:39,276 ERROR r.s.s.j.s.M.c.MVCErrorController [http-nio-9090-exec-9] Случилась беда! Ошибка 404
2023-04-06 23:37:41,188 ERROR r.s.s.j.s.M.c.MVCErrorController [http-nio-9090-exec-4] Случилась беда! Ошибка 404
2023-04-06 23:37:41,188 ERROR r.s.s.j.s.M.c.MVCErrorController [http-nio-9090-exec-2] Случилась беда! Ошибка 404
2023-04-06 23:37:41,294 ERROR r.s.s.j.s.M.c.MVCErrorController [http-nio-9090-exec-5] Случилась беда! Ошибка 404
2023-04-06 23:37:47,065 ERROR r.s.s.j.s.M.c.MVCErrorController [http-nio-9090-exec-8] Случилась беда! Ошибка 404
2023-04-06 23:37:47,067 ERROR r.s.s.j.s.M.c.MVCErrorController [http-nio-9090-exec-6] Случилась беда! Ошибка 404
2023-04-06 23:37:47,216 ERROR r.s.s.j.s.M.c.MVCErrorController [http-nio-9090-exec-10] Случилась беда! Ошибка 404
2023-04-06 23:37:49,665 ERROR r.s.s.j.s.M.c.MVCErrorController [http-nio-9090-exec-1] Случилась беда! Ошибка 404
2023-04-06 23:37:49,666 ERROR r.s.s.j.s.M.c.MVCErrorController [http-nio-9090-exec-2] Случилась беда! Ошибка 404
2023-04-06 23:37:52,001 ERROR r.s.s.j.s.M.c.MVCErrorController [http-nio-9090-exec-3] Случилась беда! Ошибка 404
2023-04-06 23:37:52,001 ERROR r.s.s.j.s.M.c.MVCErrorController [http-nio-9090-exec-5] Случилась беда! Ошибка 404
2023-04-06 23:37:52,165 ERROR r.s.s.j.s.M.c.MVCErrorController [http-nio-9090-exec-7] Случилась беда! Ошибка 404
2023-04-06 23:37:52,272 ERROR r.s.s.j.s.M.c.MVCErrorController [http-nio-9090-exec-8] Случилась беда! Ошибка 404
2023-04-06 23:37:54,524 ERROR r.s.s.j.s.M.c.MVCErrorController [http-nio-9090-exec-10] Случилась беда! Ошибка 404
2023-04-06 23:37:54,524 ERROR r.s.s.j.s.M.c.MVCErrorController [http-nio-9090-exec-9] Случилась беда! Ошибка 404
2023-04-06 23:37:54,611 ERROR r.s.s.j.s.M.c.MVCErrorController [http-nio-9090-exec-1] Случилась беда! Ошибка 404
2023-04-06 23:37:56,959 ERROR r.s.s.j.s.M.c.MVCErrorController [http-nio-9090-exec-4] Случилась беда! Ошибка 404
2023-04-06 23:37:56,970 ERROR r.s.s.j.s.M.c.MVCErrorController [http-nio-9090-exec-5] Случилась беда! Ошибка 404
2023-04-06 23:37:59,467 ERROR r.s.s.j.s.M.c.MVCErrorController [http-nio-9090-exec-8] Случилась беда! Ошибка 404
2023-04-06 23:37:59,470 ERROR r.s.s.j.s.M.c.MVCErrorController [http-nio-9090-exec-7] Случилась беда! Ошибка 404
2023-04-06 23:38:45,055 ERROR r.s.s.j.s.M.c.MVCErrorController [http-nio-9090-exec-9] Случилась беда! Ошибка 404
2023-04-06 23:38:45,059 ERROR r.s.s.j.s.M.c.MVCErrorController [http-nio-9090-exec-10] Случилась беда! Ошибка 404
2023-04-06 23:38:45,325 ERROR r.s.s.j.s.M.c.MVCErrorController [http-nio-9090-exec-1] Случилась беда! Ошибка 404
2023-04-06 23:38:45,511 ERROR r.s.s.j.s.M.c.MVCErrorController [http-nio-9090-exec-2] Случилась беда! Ошибка 404
2023-04-06 23:38:57,277 ERROR r.s.s.j.s.M.c.MVCErrorController [http-nio-9090-exec-5] Случилась беда! Ошибка 404
2023-04-06 23:38:57,279 ERROR r.s.s.j.s.M.c.MVCErrorController [http-nio-9090-exec-3] Случилась беда! Ошибка 404
2023-04-06 23:40:15,743 ERROR r.s.s.j.s.M.c.MVCErrorController [http-nio-9090-exec-10] Случилась беда! Ошибка 404
2023-04-06 23:40:15,769 ERROR r.s.s.j.s.M.c.MVCErrorController [http-nio-9090-exec-1] Случилась беда! Ошибка 404
2023-04-06 23:40:16,302 ERROR r.s.s.j.s.M.c.MVCErrorController [http-nio-9090-exec-2] Случилась беда! Ошибка 404
2023-04-06 23:55:20,430 INFO o.s.o.j.AbstractEntityManagerFactoryBean [SpringApplicationShutdownHook] Closing JPA EntityManagerFactory for persistence unit 'default'
2023-04-06 23:55:20,461 INFO c.z.h.HikariDataSource [SpringApplicationShutdownHook] HikariPool-5 - Shutdown initiated...
2023-04-06 23:55:20,476 INFO c.z.h.HikariDataSource [SpringApplicationShutdownHook] HikariPool-5 - Shutdown completed.
